[1012/084517.937:ERROR:settings.cc(430)] Settings version is not 5
[1012/085517.964:ERROR:filesystem_win.cc(129)] GetFileAttributes C:\Users\yu\AppData\Local\Microsoft\Edge\User Data\Crashpad\attachments\87331eef-2ee0-4f77-ae7d-8bbfdcb3bc2d: 系统找不到指定的路径。 (0x3)
[1012/085517.966:ERROR:filesystem_win.cc(129)] GetFileAttributes C:\Users\yu\AppData\Local\Microsoft\Edge\User Data\Crashpad\attachments\b8aa3233-9103-456c-a390-e5ec3251bd32: 系统找不到指定的路径。 (0x3)
[1012/085517.968:ERROR:filesystem_win.cc(129)] GetFileAttributes C:\Users\yu\AppData\Local\Microsoft\Edge\User Data\Crashpad\attachments\d6df751d-9d6c-4602-a0d6-b6e58f42be0e: 系统找不到指定的路径。 (0x3)
[1012/085517.968:ERROR:filesystem_win.cc(129)] GetFileAttributes C:\Users\yu\AppData\Local\Microsoft\Edge\User Data\Crashpad\attachments\d813eb15-4207-45e9-91a2-fcfee5229402: 系统找不到指定的路径。 (0x3)
[1012/085517.971:ERROR:filesystem_win.cc(129)] GetFileAttributes C:\Users\yu\AppData\Local\Microsoft\Edge\User Data\Crashpad\attachments\d929b87f-d8b9-4cde-b4c3-e7aef576b80c: 系统找不到指定的路径。 (0x3)
[1012/085517.972:ERROR:filesystem_win.cc(129)] GetFileAttributes C:\Users\yu\AppData\Local\Microsoft\Edge\User Data\Crashpad\attachments\f7921fac-a4aa-4c8f-b769-d649b2420942: 系统找不到指定的路径。 (0x3)
[1012/085517.972:ERROR:filesystem_win.cc(129)] GetFileAttributes C:\Users\yu\AppData\Local\Microsoft\Edge\User Data\Crashpad\attachments\fe812974-56b4-47db-b6c4-3aad70294be1: 系统找不到指定的路径。 (0x3)
[1012/085517.972:ERROR:directory_reader_win.cc(43)] FindFirstFile: 系统找不到指定的路径。 (0x3)
[1212/222250.479:ERROR:directory_reader_win.cc(43)] FindFirstFile: 系统找不到指定的路径。 (0x3)
[1214/090302.891:ERROR:directory_reader_win.cc(43)] FindFirstFile: 系统找不到指定的路径。 (0x3)
[1220/102240.186:ERROR:directory_reader_win.cc(43)] FindFirstFile: 系统找不到指定的路径。 (0x3)
[1222/162124.953:ERROR:directory_reader_win.cc(43)] FindFirstFile: 系统找不到指定的路径。 (0x3)
[1225/122520.254:ERROR:directory_reader_win.cc(43)] FindFirstFile: 系统找不到指定的路径。 (0x3)
[1225/180826.732:ERROR:process_reader_win.cc(123)] NtOpenThread: {无法访问} 过程已请求访问一对象，但未给访问权限。 (0xc0000022)
[1225/180826.747:ERROR:exception_snapshot_win.cc(99)] thread ID 21308 not found in process
[1225/180826.810:ERROR:process_reader_win.cc(123)] NtOpenThread: {无法访问} 过程已请求访问一对象，但未给访问权限。 (0xc0000022)
[1225/180826.810:ERROR:exception_snapshot_win.cc(99)] thread ID 13928 not found in process
[1225/180826.841:ERROR:process_reader_win.cc(123)] NtOpenThread: {无法访问} 过程已请求访问一对象，但未给访问权限。 (0xc0000022)
[1225/180826.841:ERROR:exception_snapshot_win.cc(99)] thread ID 30940 not found in process
[1230/130532.101:ERROR:directory_reader_win.cc(43)] FindFirstFile: 系统找不到指定的路径。 (0x3)
[0104/091533.893:ERROR:directory_reader_win.cc(43)] FindFirstFile: 系统找不到指定的路径。 (0x3)
[0106/142119.722:ERROR:directory_reader_win.cc(43)] FindFirstFile: 系统找不到指定的路径。 (0x3)
[0108/193414.523:ERROR:directory_reader_win.cc(43)] FindFirstFile: 系统找不到指定的路径。 (0x3)
[0111/091647.490:ERROR:directory_reader_win.cc(43)] FindFirstFile: 系统找不到指定的路径。 (0x3)
[0113/114735.644:ERROR:directory_reader_win.cc(43)] FindFirstFile: 系统找不到指定的路径。 (0x3)
[0115/135648.724:ERROR:directory_reader_win.cc(43)] FindFirstFile: 系统找不到指定的路径。 (0x3)
[0120/112957.662:ERROR:directory_reader_win.cc(43)] FindFirstFile: 系统找不到指定的路径。 (0x3)
[0122/163701.175:ERROR:directory_reader_win.cc(43)] FindFirstFile: 系统找不到指定的路径。 (0x3)
[0122/183941.611:ERROR:process_reader_win.cc(151)] SuspendThread: 拒绝访问。 (0x5)
[0122/183941.613:ERROR:process_reader_win.cc(151)] SuspendThread: 拒绝访问。 (0x5)
[0122/183941.613:ERROR:process_reader_win.cc(123)] NtOpenThread: {无法访问} 过程已请求访问一对象，但未给访问权限。 (0xc0000022)
[0122/183941.617:ERROR:exception_snapshot_win.cc(99)] thread ID 1112 not found in process
[0122/183941.652:ERROR:process_reader_win.cc(151)] SuspendThread: 拒绝访问。 (0x5)
[0122/183941.652:ERROR:process_reader_win.cc(151)] SuspendThread: 拒绝访问。 (0x5)
[0122/183941.653:ERROR:process_reader_win.cc(123)] NtOpenThread: {无法访问} 过程已请求访问一对象，但未给访问权限。 (0xc0000022)
[0122/183941.653:ERROR:exception_snapshot_win.cc(99)] thread ID 676 not found in process
[0122/183941.659:ERROR:process_reader_win.cc(151)] SuspendThread: 拒绝访问。 (0x5)
[0122/183941.660:ERROR:process_reader_win.cc(151)] SuspendThread: 拒绝访问。 (0x5)
[0122/183941.660:ERROR:process_reader_win.cc(123)] NtOpenThread: {无法访问} 过程已请求访问一对象，但未给访问权限。 (0xc0000022)
[0122/183941.660:ERROR:exception_snapshot_win.cc(99)] thread ID 11040 not found in process
[0122/183941.786:ERROR:process_reader_win.cc(151)] SuspendThread: 拒绝访问。 (0x5)
[0122/183941.786:ERROR:process_reader_win.cc(151)] SuspendThread: 拒绝访问。 (0x5)
[0122/183941.786:ERROR:process_reader_win.cc(123)] NtOpenThread: {无法访问} 过程已请求访问一对象，但未给访问权限。 (0xc0000022)
[0122/183941.786:ERROR:exception_snapshot_win.cc(99)] thread ID 1104 not found in process
[0122/183942.077:ERROR:process_reader_win.cc(151)] SuspendThread: 拒绝访问。 (0x5)
[0122/183942.078:ERROR:process_reader_win.cc(151)] SuspendThread: 拒绝访问。 (0x5)
[0122/183942.078:ERROR:process_reader_win.cc(151)] SuspendThread: 拒绝访问。 (0x5)
[0122/183942.078:ERROR:process_reader_win.cc(151)] SuspendThread: 拒绝访问。 (0x5)
[0122/183942.078:ERROR:process_reader_win.cc(151)] SuspendThread: 拒绝访问。 (0x5)
[0122/183942.078:ERROR:process_reader_win.cc(151)] SuspendThread: 拒绝访问。 (0x5)
[0122/183942.078:ERROR:process_reader_win.cc(151)] SuspendThread: 拒绝访问。 (0x5)
[0122/183942.078:ERROR:process_reader_win.cc(151)] SuspendThread: 拒绝访问。 (0x5)
[0122/183942.078:ERROR:process_reader_win.cc(151)] SuspendThread: 拒绝访问。 (0x5)
[0122/183942.078:ERROR:process_reader_win.cc(151)] SuspendThread: 拒绝访问。 (0x5)
[0122/183942.078:ERROR:process_reader_win.cc(151)] SuspendThread: 拒绝访问。 (0x5)
[0122/183942.079:ERROR:process_reader_win.cc(151)] SuspendThread: 拒绝访问。 (0x5)
[0122/183942.079:ERROR:process_reader_win.cc(151)] SuspendThread: 拒绝访问。 (0x5)
[0122/183942.079:ERROR:process_reader_win.cc(151)] SuspendThread: 拒绝访问。 (0x5)
[0122/183942.079:ERROR:process_reader_win.cc(151)] SuspendThread: 拒绝访问。 (0x5)
[0122/183942.079:ERROR:process_reader_win.cc(151)] SuspendThread: 拒绝访问。 (0x5)
[0122/183942.079:ERROR:process_reader_win.cc(151)] SuspendThread: 拒绝访问。 (0x5)
[0122/183942.079:ERROR:process_reader_win.cc(151)] SuspendThread: 拒绝访问。 (0x5)
[0122/183942.079:ERROR:process_reader_win.cc(151)] SuspendThread: 拒绝访问。 (0x5)
[0122/183942.079:ERROR:process_reader_win.cc(123)] NtOpenThread: {无法访问} 过程已请求访问一对象，但未给访问权限。 (0xc0000022)
[0122/183942.079:ERROR:exception_snapshot_win.cc(99)] thread ID 14096 not found in process
[0122/183942.436:ERROR:process_reader_win.cc(151)] SuspendThread: 拒绝访问。 (0x5)
[0122/183942.437:ERROR:process_reader_win.cc(151)] SuspendThread: 拒绝访问。 (0x5)
[0122/183942.437:ERROR:process_reader_win.cc(151)] SuspendThread: 拒绝访问。 (0x5)
[0122/183942.437:ERROR:process_reader_win.cc(151)] SuspendThread: 拒绝访问。 (0x5)
[0122/183942.437:ERROR:process_reader_win.cc(151)] SuspendThread: 拒绝访问。 (0x5)
[0122/183942.437:ERROR:process_reader_win.cc(151)] SuspendThread: 拒绝访问。 (0x5)
[0122/183942.437:ERROR:process_reader_win.cc(151)] SuspendThread: 拒绝访问。 (0x5)
[0122/183942.437:ERROR:process_reader_win.cc(151)] SuspendThread: 拒绝访问。 (0x5)
[0122/183942.437:ERROR:process_reader_win.cc(151)] SuspendThread: 拒绝访问。 (0x5)
[0122/183942.437:ERROR:process_reader_win.cc(151)] SuspendThread: 拒绝访问。 (0x5)
[0122/183942.437:ERROR:process_reader_win.cc(151)] SuspendThread: 拒绝访问。 (0x5)
[0122/183942.438:ERROR:process_reader_win.cc(151)] SuspendThread: 拒绝访问。 (0x5)
[0122/183942.438:ERROR:process_reader_win.cc(151)] SuspendThread: 拒绝访问。 (0x5)
[0122/183942.438:ERROR:process_reader_win.cc(123)] NtOpenThread: {无法访问} 过程已请求访问一对象，但未给访问权限。 (0xc0000022)
[0122/183942.439:ERROR:exception_snapshot_win.cc(99)] thread ID 14080 not found in process
[0122/183942.757:ERROR:process_reader_win.cc(151)] SuspendThread: 拒绝访问。 (0x5)
[0122/183942.758:ERROR:process_reader_win.cc(151)] SuspendThread: 拒绝访问。 (0x5)
[0122/183942.758:ERROR:process_reader_win.cc(151)] SuspendThread: 拒绝访问。 (0x5)
[0122/183942.758:ERROR:process_reader_win.cc(151)] SuspendThread: 拒绝访问。 (0x5)
[0122/183942.758:ERROR:process_reader_win.cc(151)] SuspendThread: 拒绝访问。 (0x5)
[0122/183942.758:ERROR:process_reader_win.cc(151)] SuspendThread: 拒绝访问。 (0x5)
[0122/183942.758:ERROR:process_reader_win.cc(151)] SuspendThread: 拒绝访问。 (0x5)
[0122/183942.758:ERROR:process_reader_win.cc(151)] SuspendThread: 拒绝访问。 (0x5)
[0122/183942.758:ERROR:process_reader_win.cc(151)] SuspendThread: 拒绝访问。 (0x5)
[0122/183942.758:ERROR:process_reader_win.cc(123)] NtOpenThread: {无法访问} 过程已请求访问一对象，但未给访问权限。 (0xc0000022)
[0122/183942.759:ERROR:exception_snapshot_win.cc(99)] thread ID 2412 not found in process
